Build started 10/7/2014 11:25:23 PM.
     1>Project "C:\CS 451\cs451-PA3 - Copy (5)\vc_files\ssd.vcxproj" on node 2 (Build target(s)).
     1>ClCompile:
         C:\Program Files (x86)\Microsoft Visual Studio 12.0\VC\bin\CL.exe /c /I.. /I../amc_library /I../mathtool /I../modelgraph /I../GL /AI"C:\Program Files (x86)\Reference Assemblies\Microsoft\Framework\.NETFramework\v4.0" /AI"C:\Program Files (x86)\Windows Kits\8.1\References\CommonConfiguration\Neutral" /Zi /clr /nologo /W3 /WX- /O2 /Oy- /D FREEGLUT_STATIC /D WIN32 /D NDEBUG /D _CRT_SECURE_NO_DEPRECATE /D _VC80_UPGRADE=0x0710 /D _MBCS /Gm- /EHa /MD /GS /fp:precise /Zc:wchar_t /Zc:forScope /Fo"Release\\" /Fd"Release\vc120.pdb" /TP /FU"C:\Program Files (x86)\Reference Assemblies\Microsoft\Framework\.NETFramework\v4.0\mscorlib.dll" /analyze- /errorReport:prompt /clr:nostdlib ..\main.cpp
         main.cpp
     1>c:\cs 451\cs451-pa3 - copy (5)\main.h(196): warning C4018: '<' : signed/unsigned mismatch
     1>c:\cs 451\cs451-pa3 - copy (5)\main.h(248): warning C4018: '<' : signed/unsigned mismatch
     1>c:\cs 451\cs451-pa3 - copy (5)\main.h(319): warning C4244: 'argument' : conversion from 'double' to 'unsigned int', possible loss of data
     1>c:\cs 451\cs451-pa3 - copy (5)\main.h(326): warning C4244: 'argument' : conversion from 'double' to 'unsigned int', possible loss of data
     1>c:\cs 451\cs451-pa3 - copy (5)\main.h(327): warning C4244: 'argument' : conversion from 'double' to 'unsigned int', possible loss of data
     1>c:\cs 451\cs451-pa3 - copy (5)\main.h(334): warning C4244: 'argument' : conversion from 'double' to 'unsigned int', possible loss of data
     1>c:\cs 451\cs451-pa3 - copy (5)\main.h(335): warning C4244: 'argument' : conversion from 'double' to 'unsigned int', possible loss of data
     1>c:\cs 451\cs451-pa3 - copy (5)\main.h(336): warning C4244: 'argument' : conversion from 'double' to 'unsigned int', possible loss of data
     1>c:\cs 451\cs451-pa3 - copy (5)\main.h(352): warning C4018: '<' : signed/unsigned mismatch
     1>c:\cs 451\cs451-pa3 - copy (5)\main.h(397): warning C4018: '<' : signed/unsigned mismatch
     1>C:\CS 451\cs451-PA3 - Copy (5)\draw.h(304): warning C4018: '>=' : signed/unsigned mismatch
       Link:
         C:\Program Files (x86)\Microsoft Visual Studio 12.0\VC\bin\link.exe /ERRORREPORT:PROMPT /OUT:"C:\CS 451\cs451-PA3 - Copy (5)\vc_files\Release\ssd.exe" /INCREMENTAL:NO /NOLOGO /LIBPATH:../lib freeglut_static.lib glu32.lib opengl32.lib Ws2_32.lib kernel32.lib user32.lib gdi32.lib winspool.lib comdlg32.lib advapi32.lib shell32.lib ole32.lib oleaut32.lib uuid.lib odbc32.lib odbccp32.lib /MANIFEST /MANIFESTUAC:"level='asInvoker' uiAccess='false'" /manifest:embed /DEBUG /PDB:"C:\CS 451\cs451-PA3 - Copy (5)\vc_files\Release\ssd.pdb" /TLBID:1 /DYNAMICBASE /FIXED:NO /NXCOMPAT /MACHINE:X86 /SAFESEH Release\Character.obj
         Release\control_utils.obj
         Release\Draw.obj
         Release\Library.obj
         Release\pose_utils.obj
         Release\Reader.obj
         Release\ReadSkeleton.obj
         Release\Skeleton.obj
         Release\Basic.obj
         Release\gli.obj
         Release\main.obj
         Release\Quaternion.obj
         Release\model.obj
         Release\ModelEdge.obj
         Release\ModelGraph.obj
         Release\ModelNode.obj
         "Release\.NETFramework,Version=v4.0.AssemblyAttributes.obj"
     1>freeglut_static.lib(freeglut_display.obj) : warning LNK4075: ignoring '/EDITANDCONTINUE' due to '/OPT:LBR' specification
     1>Draw.obj : warning LNK4248: unresolved typeref token (0100001A) for 'GLUquadric'; image may not run
     1>freeglut_static.lib(freeglut_callbacks.obj) : warning LNK4099: PDB 'vc90.pdb' was not found with 'freeglut_static.lib(freeglut_callbacks.obj)' or at 'C:\CS 451\cs451-PA3 - Copy (5)\vc_files\Release\vc90.pdb'; linking object as if no debug info
     1>freeglut_static.lib(freeglut_cursor.obj) : warning LNK4099: PDB 'vc90.pdb' was not found with 'freeglut_static.lib(freeglut_cursor.obj)' or at 'C:\CS 451\cs451-PA3 - Copy (5)\vc_files\Release\vc90.pdb'; linking object as if no debug info
     1>freeglut_static.lib(freeglut_display.obj) : warning LNK4099: PDB 'vc90.pdb' was not found with 'freeglut_static.lib(freeglut_display.obj)' or at 'C:\CS 451\cs451-PA3 - Copy (5)\vc_files\Release\vc90.pdb'; linking object as if no debug info
     1>freeglut_static.lib(freeglut_font.obj) : warning LNK4099: PDB 'vc90.pdb' was not found with 'freeglut_static.lib(freeglut_font.obj)' or at 'C:\CS 451\cs451-PA3 - Copy (5)\vc_files\Release\vc90.pdb'; linking object as if no debug info
     1>freeglut_static.lib(freeglut_font_data.obj) : warning LNK4099: PDB 'vc90.pdb' was not found with 'freeglut_static.lib(freeglut_font_data.obj)' or at 'C:\CS 451\cs451-PA3 - Copy (5)\vc_files\Release\vc90.pdb'; linking object as if no debug info
     1>freeglut_static.lib(freeglut_init.obj) : warning LNK4099: PDB 'vc90.pdb' was not found with 'freeglut_static.lib(freeglut_init.obj)' or at 'C:\CS 451\cs451-PA3 - Copy (5)\vc_files\Release\vc90.pdb'; linking object as if no debug info
     1>freeglut_static.lib(freeglut_input_devices.obj) : warning LNK4099: PDB 'vc90.pdb' was not found with 'freeglut_static.lib(freeglut_input_devices.obj)' or at 'C:\CS 451\cs451-PA3 - Copy (5)\vc_files\Release\vc90.pdb'; linking object as if no debug info
     1>freeglut_static.lib(freeglut_joystick.obj) : warning LNK4099: PDB 'vc90.pdb' was not found with 'freeglut_static.lib(freeglut_joystick.obj)' or at 'C:\CS 451\cs451-PA3 - Copy (5)\vc_files\Release\vc90.pdb'; linking object as if no debug info
     1>freeglut_static.lib(freeglut_main.obj) : warning LNK4099: PDB 'vc90.pdb' was not found with 'freeglut_static.lib(freeglut_main.obj)' or at 'C:\CS 451\cs451-PA3 - Copy (5)\vc_files\Release\vc90.pdb'; linking object as if no debug info
     1>freeglut_static.lib(freeglut_menu.obj) : warning LNK4099: PDB 'vc90.pdb' was not found with 'freeglut_static.lib(freeglut_menu.obj)' or at 'C:\CS 451\cs451-PA3 - Copy (5)\vc_files\Release\vc90.pdb'; linking object as if no debug info
     1>freeglut_static.lib(freeglut_spaceball.obj) : warning LNK4099: PDB 'vc90.pdb' was not found with 'freeglut_static.lib(freeglut_spaceball.obj)' or at 'C:\CS 451\cs451-PA3 - Copy (5)\vc_files\Release\vc90.pdb'; linking object as if no debug info
     1>freeglut_static.lib(freeglut_state.obj) : warning LNK4099: PDB 'vc90.pdb' was not found with 'freeglut_static.lib(freeglut_state.obj)' or at 'C:\CS 451\cs451-PA3 - Copy (5)\vc_files\Release\vc90.pdb'; linking object as if no debug info
     1>freeglut_static.lib(freeglut_stroke_mono_roman.obj) : warning LNK4099: PDB 'vc90.pdb' was not found with 'freeglut_static.lib(freeglut_stroke_mono_roman.obj)' or at 'C:\CS 451\cs451-PA3 - Copy (5)\vc_files\Release\vc90.pdb'; linking object as if no debug info
     1>freeglut_static.lib(freeglut_stroke_roman.obj) : warning LNK4099: PDB 'vc90.pdb' was not found with 'freeglut_static.lib(freeglut_stroke_roman.obj)' or at 'C:\CS 451\cs451-PA3 - Copy (5)\vc_files\Release\vc90.pdb'; linking object as if no debug info
     1>freeglut_static.lib(freeglut_structure.obj) : warning LNK4099: PDB 'vc90.pdb' was not found with 'freeglut_static.lib(freeglut_structure.obj)' or at 'C:\CS 451\cs451-PA3 - Copy (5)\vc_files\Release\vc90.pdb'; linking object as if no debug info
     1>freeglut_static.lib(freeglut_window.obj) : warning LNK4099: PDB 'vc90.pdb' was not found with 'freeglut_static.lib(freeglut_window.obj)' or at 'C:\CS 451\cs451-PA3 - Copy (5)\vc_files\Release\vc90.pdb'; linking object as if no debug info
         ssd.vcxproj -> C:\CS 451\cs451-PA3 - Copy (5)\vc_files\Release\ssd.exe
     1>Done Building Project "C:\CS 451\cs451-PA3 - Copy (5)\vc_files\ssd.vcxproj" (Build target(s)).

Build succeeded.

Time Elapsed 00:00:03.95
