c:\cs 451\cs451-pa3 - copy (5)\vc_files\release\vc120.pdb
c:\cs 451\cs451-pa3 - copy (5)\vc_files\release\modelnode.obj
c:\cs 451\cs451-pa3 - copy (5)\vc_files\release\modelgraph.obj
c:\cs 451\cs451-pa3 - copy (5)\vc_files\release\modeledge.obj
c:\cs 451\cs451-pa3 - copy (5)\vc_files\release\model.obj
c:\cs 451\cs451-pa3 - copy (5)\vc_files\release\quaternion.obj
c:\cs 451\cs451-pa3 - copy (5)\vc_files\release\main.obj
c:\cs 451\cs451-pa3 - copy (5)\vc_files\release\gli.obj
c:\cs 451\cs451-pa3 - copy (5)\vc_files\release\basic.obj
c:\cs 451\cs451-pa3 - copy (5)\vc_files\release\skeleton.obj
c:\cs 451\cs451-pa3 - copy (5)\vc_files\release\readskeleton.obj
c:\cs 451\cs451-pa3 - copy (5)\vc_files\release\reader.obj
c:\cs 451\cs451-pa3 - copy (5)\vc_files\release\pose_utils.obj
c:\cs 451\cs451-pa3 - copy (5)\vc_files\release\library.obj
c:\cs 451\cs451-pa3 - copy (5)\vc_files\release\draw.obj
c:\cs 451\cs451-pa3 - copy (5)\vc_files\release\control_utils.obj
c:\cs 451\cs451-pa3 - copy (5)\vc_files\release\character.obj
c:\cs 451\cs451-pa3 - copy (5)\vc_files\release\.netframework,version=v4.0.assemblyattributes.obj
c:\cs 451\cs451-pa3 - copy (5)\vc_files\release\ssd.exe
c:\cs 451\cs451-pa3 - copy (5)\vc_files\release\ssd.pdb
c:\cs 451\cs451-pa3 - copy (5)\vc_files\release\ssd.vcxprojresolveassemblyreference.cache
c:\cs 451\cs451-pa3 - copy (5)\vc_files\release\ssd.exe.metagen
c:\cs 451\cs451-pa3 - copy (5)\vc_files\release\ssd.tlog\cl.command.1.tlog
c:\cs 451\cs451-pa3 - copy (5)\vc_files\release\ssd.tlog\cl.read.1.tlog
c:\cs 451\cs451-pa3 - copy (5)\vc_files\release\ssd.tlog\cl.write.1.tlog
c:\cs 451\cs451-pa3 - copy (5)\vc_files\release\ssd.tlog\link.command.1.tlog
c:\cs 451\cs451-pa3 - copy (5)\vc_files\release\ssd.tlog\link.read.1.tlog
c:\cs 451\cs451-pa3 - copy (5)\vc_files\release\ssd.tlog\link.write.1.tlog
c:\cs 451\cs451-pa3 - copy (5)\vc_files\release\ssd.tlog\metagen.read.1.tlog
c:\cs 451\cs451-pa3 - copy (5)\vc_files\release\ssd.tlog\metagen.write.1.tlog
c:\cs 451\cs451-pa3 - copy (5)\vc_files\release\ssd.tlog\tzres.dll.bi
